<?xml version="1.0" encoding="UTF-8"?>
<testng-results ignored="0" total="1" passed="1" failed="0" skipped="0">
  <reporter-output>
  </reporter-output>
  <suite started-at="2026-02-05T22:59:58 IST" name="Master Test Suite" finished-at="2026-02-05T23:00:22 IST" duration-ms="23511">
    <groups>
    </groups>
    <test started-at="2026-02-05T22:59:58 IST" name="Chrome Browser Test" finished-at="2026-02-05T23:00:22 IST" duration-ms="23511">
      <class name="testCases.TC_006_deleteTicket">
        <test-method is-config="true" signature="testSetup(java.lang.String,java.lang.String)[pri:0, instance:testCases.TC_006_deleteTicket@4961f6af]" started-at="2026-02-05T22:59:58 IST" name="testSetup" finished-at="2026-02-05T23:00:07 IST" duration-ms="9115" status="PASS">
          <params>
            <param index="0">
              <value>
                <![CDATA[chrome]]>
              </value>
            </param>
            <param index="1">
              <value>
                <![CDATA[windows]]>
              </value>
            </param>
          </params>
          <reporter-output>
          </reporter-output>
        </test-method> <!-- testSetup -->
        <test-method signature="deleteTicket()[pri:0, instance:testCases.TC_006_deleteTicket@4961f6af]" started-at="2026-02-05T23:00:07 IST" name="deleteTicket" finished-at="2026-02-05T23:00:21 IST" duration-ms="13837" status="PASS">
          <reporter-output>
          </reporter-output>
        </test-method> <!-- deleteTicket -->
        <test-method is-config="true" signature="testTeardown()[pri:0, instance:testCases.TC_006_deleteTicket@4961f6af]" started-at="2026-02-05T23:00:21 IST" name="testTeardown" finished-at="2026-02-05T23:00:22 IST" duration-ms="471" status="PASS">
          <reporter-output>
          </reporter-output>
        </test-method> <!-- testTeardown -->
      </class> <!-- testCases.TC_006_deleteTicket -->
    </test> <!-- Chrome Browser Test -->
  </suite> <!-- Master Test Suite -->
</testng-results>
